<?xml version="1.0" encoding="UTF-8"?>
<Site BuildName="Win32-MSBuild"
	BuildStamp="20220310-0912-Experimental"
	Name="berateren"
	Generator="ctest-3.22.3"
	CompilerName="C:/Program Files/Microsoft Visual Studio/2022/Community/VC/Tools/MSVC/14.31.31103/bin/Hostx64/x64/cl.exe"
	CompilerVersion="19.31.31104.0"
	OSName="Windows"
	Hostname="berateren"
	OSRelease=" Personal"
	OSVersion=" (Build 22000)"
	OSPlatform="AMD64"
	Is64Bits="1"
	VendorString="GenuineIntel"
	VendorID="Intel Corporation"
	FamilyID="6"
	ModelID="14"
	ProcessorCacheSize="-1"
	NumberOfLogicalCPU="8"
	NumberOfPhysicalCPU="4"
	TotalVirtualMemory="19209"
	TotalPhysicalMemory="16265"
	LogicalProcessorsPerPhysical="2"
	ProcessorClockFrequency="2808"
	>
	<Testing>
		<StartDateTime>Mar 10 12:12 T[NON-UTF-8-BYTE-0xFC]rkiye Standart Saati</StartDateTime>
		<StartTestTime>1646903538</StartTestTime>
		<TestList/>
		<EndDateTime>Mar 10 12:12 T[NON-UTF-8-BYTE-0xFC]rkiye Standart Saati</EndDateTime>
		<EndTestTime>1646903538</EndTestTime>
		<ElapsedMinutes>0</ElapsedMinutes>
	</Testing>
</Site>
